Command line invocation:
    /Applications/Xcode.app/Contents/Developer/usr/bin/xcodebuild clean build -project /Users/birknergard/ws/personal/econ/ios/ios.xcodeproj -scheme ios -destination id=3BFCD540-05CF-4B52-8E6F-7E0EB57EA41A -resultBundlePath /Users/birknergard/ws/personal/econ/ios/.nvim/xcodebuild/build.xcresult -parallelizeTargets

2025-09-19 15:02:44.024 xcodebuild[61322:2617037] [MT] IDERunDestination: Supported platforms for the buildables in the current scheme is empty.
Writing result bundle at path:
	/Users/birknergard/ws/personal/econ/ios/.nvim/xcodebuild/build.xcresult

CreateBuildRequest

SendProjectDescription

CreateBuildOperation


Result bundle written to path:
	/Users/birknergard/ws/personal/econ/ios/.nvim/xcodebuild/build.xcresult

** CLEAN SUCCEEDED **

ComputePackagePrebuildTargetDependencyGraph

Prepare packages

CreateBuildRequest

SendProjectDescription

CreateBuildOperation

ComputeTargetDependencyGraph
note: Building targets in dependency order
note: Target dependency graph (1 target)
    Target 'ios' in project 'ios' (no dependencies)

GatherProvisioningInputs

CreateBuildDescription

ExecuteExternalTool /Applications/Xcode.app/Contents/Developer/Toolchains/XcodeDefault.xctoolchain/usr/bin/clang -v -E -dM -isysroot /Applications/Xcode.app/Contents/Developer/Platforms/iPhoneSimulator.platform/Developer/SDKs/iPhoneSimulator26.0.sdk -x c -c /dev/null

ExecuteExternalTool /Applications/Xcode.app/Contents/Developer/usr/bin/actool --print-asset-tag-combinations --output-format xml1 /Users/birknergard/ws/personal/econ/ios/ios/Assets.xcassets

ExecuteExternalTool /Applications/Xcode.app/Contents/Developer/usr/bin/actool --version --output-format xml1

ExecuteExternalTool /Applications/Xcode.app/Contents/Developer/Toolchains/XcodeDefault.xctoolchain/usr/bin/swiftc --version

ExecuteExternalTool /Applications/Xcode.app/Contents/Developer/Toolchains/XcodeDefault.xctoolchain/usr/bin/ld -version_details

Build description signature: 6730c69207f8474bd1ba4b1e0cc4441e
Build description path: /Users/birknergard/Library/Developer/Xcode/DerivedData/ios-duzuspzejhgbfqatvazpqzvhjgqr/Build/Intermediates.noindex/XCBuildData/6730c69207f8474bd1ba4b1e0cc4441e.xcbuilddata
ClangStatCache /Applications/Xcode.app/Contents/Developer/Toolchains/XcodeDefault.xctoolchain/usr/bin/clang-stat-cache /Applications/Xcode.app/Contents/Developer/Platforms/iPhoneSimulator.platform/Developer/SDKs/iPhoneSimulator26.0.sdk /Users/birknergard/Library/Developer/Xcode/DerivedData/SDKStatCaches.noindex/iphonesimulator26.0-23A339-26257891a6c027eb51374368541b8346.sdkstatcache
    cd /Users/birknergard/ws/personal/econ/ios/ios.xcodeproj
    /Applications/Xcode.app/Contents/Developer/Toolchains/XcodeDefault.xctoolchain/usr/bin/clang-stat-cache /Applications/Xcode.app/Contents/Developer/Platforms/iPhoneSimulator.platform/Developer/SDKs/iPhoneSimulator26.0.sdk -o /Users/birknergard/Library/Developer/Xcode/DerivedData/SDKStatCaches.noindex/iphonesimulator26.0-23A339-26257891a6c027eb51374368541b8346.sdkstatcache

CreateBuildDirectory /Users/birknergard/Library/Developer/Xcode/DerivedData/ios-duzuspzejhgbfqatvazpqzvhjgqr/Build/Products
    cd /Users/birknergard/ws/personal/econ/ios/ios.xcodeproj
    builtin-create-build-directory /Users/birknergard/Library/Developer/Xcode/DerivedData/ios-duzuspzejhgbfqatvazpqzvhjgqr/Build/Products

CreateBuildDirectory /Users/birknergard/Library/Developer/Xcode/DerivedData/ios-duzuspzejhgbfqatvazpqzvhjgqr/Build/Intermediates.noindex
    cd /Users/birknergard/ws/personal/econ/ios/ios.xcodeproj
    builtin-create-build-directory /Users/birknergard/Library/Developer/Xcode/DerivedData/ios-duzuspzejhgbfqatvazpqzvhjgqr/Build/Intermediates.noindex

CreateBuildDirectory /Users/birknergard/Library/Developer/Xcode/DerivedData/ios-duzuspzejhgbfqatvazpqzvhjgqr/Build/Intermediates.noindex/ExplicitPrecompiledModules
    cd /Users/birknergard/ws/personal/econ/ios/ios.xcodeproj
    builtin-create-build-directory /Users/birknergard/Library/Developer/Xcode/DerivedData/ios-duzuspzejhgbfqatvazpqzvhjgqr/Build/Intermediates.noindex/ExplicitPrecompiledModules

CreateBuildDirectory /Users/birknergard/Library/Developer/Xcode/DerivedData/ios-duzuspzejhgbfqatvazpqzvhjgqr/Build/Intermediates.noindex/SwiftExplicitPrecompiledModules
    cd /Users/birknergard/ws/personal/econ/ios/ios.xcodeproj
    builtin-create-build-directory /Users/birknergard/Library/Developer/Xcode/DerivedData/ios-duzuspzejhgbfqatvazpqzvhjgqr/Build/Intermediates.noindex/SwiftExplicitPrecompiledModules

WriteAuxiliaryFile /Users/birknergard/Library/Developer/Xcode/DerivedData/ios-duzuspzejhgbfqatvazpqzvhjgqr/Build/Intermediates.noindex/ios.build/Debug-iphonesimulator/ios-cdea436d9961714f447518627003d1f4-VFS-iphonesimulator/all-product-headers.yaml
    cd /Users/birknergard/ws/personal/econ/ios/ios.xcodeproj
    write-file /Users/birknergard/Library/Developer/Xcode/DerivedData/ios-duzuspzejhgbfqatvazpqzvhjgqr/Build/Intermediates.noindex/ios.build/Debug-iphonesimulator/ios-cdea436d9961714f447518627003d1f4-VFS-iphonesimulator/all-product-headers.yaml

CreateBuildDirectory /Users/birknergard/Library/Developer/Xcode/DerivedData/ios-duzuspzejhgbfqatvazpqzvhjgqr/Build/Intermediates.noindex/EagerLinkingTBDs/Debug-iphonesimulator
    cd /Users/birknergard/ws/personal/econ/ios/ios.xcodeproj
    builtin-create-build-directory /Users/birknergard/Library/Developer/Xcode/DerivedData/ios-duzuspzejhgbfqatvazpqzvhjgqr/Build/Intermediates.noindex/EagerLinkingTBDs/Debug-iphonesimulator

CreateBuildDirectory /Users/birknergard/Library/Developer/Xcode/DerivedData/ios-duzuspzejhgbfqatvazpqzvhjgqr/Build/Products/Debug-iphonesimulator
    cd /Users/birknergard/ws/personal/econ/ios/ios.xcodeproj
    builtin-create-build-directory /Users/birknergard/Library/Developer/Xcode/DerivedData/ios-duzuspzejhgbfqatvazpqzvhjgqr/Build/Products/Debug-iphonesimulator

WriteAuxiliaryFile /Users/birknergard/Library/Developer/Xcode/DerivedData/ios-duzuspzejhgbfqatvazpqzvhjgqr/Build/Intermediates.noindex/ios.build/Debug-iphonesimulator/ios.build/ios.DependencyStaticMetadataFileList (in target 'ios' from project 'ios')
    cd /Users/birknergard/ws/personal/econ/ios
    write-file /Users/birknergard/Library/Developer/Xcode/DerivedData/ios-duzuspzejhgbfqatvazpqzvhjgqr/Build/Intermediates.noindex/ios.build/Debug-iphonesimulator/ios.build/ios.DependencyStaticMetadataFileList

WriteAuxiliaryFile /Users/birknergard/Library/Developer/Xcode/DerivedData/ios-duzuspzejhgbfqatvazpqzvhjgqr/Build/Intermediates.noindex/ios.build/Debug-iphonesimulator/ios.build/ios.DependencyMetadataFileList (in target 'ios' from project 'ios')
    cd /Users/birknergard/ws/personal/econ/ios
    write-file /Users/birknergard/Library/Developer/Xcode/DerivedData/ios-duzuspzejhgbfqatvazpqzvhjgqr/Build/Intermediates.noindex/ios.build/Debug-iphonesimulator/ios.build/ios.DependencyMetadataFileList

WriteAuxiliaryFile /Users/birknergard/Library/Developer/Xcode/DerivedData/ios-duzuspzejhgbfqatvazpqzvhjgqr/Build/Intermediates.noindex/ios.build/Debug-iphonesimulator/ios.build/ios.hmap (in target 'ios' from project 'ios')
    cd /Users/birknergard/ws/personal/econ/ios
    write-file /Users/birknergard/Library/Developer/Xcode/DerivedData/ios-duzuspzejhgbfqatvazpqzvhjgqr/Build/Intermediates.noindex/ios.build/Debug-iphonesimulator/ios.build/ios.hmap

WriteAuxiliaryFile /Users/birknergard/Library/Developer/Xcode/DerivedData/ios-duzuspzejhgbfqatvazpqzvhjgqr/Build/Intermediates.noindex/ios.build/Debug-iphonesimulator/ios.build/ios-project-headers.hmap (in target 'ios' from project 'ios')
    cd /Users/birknergard/ws/personal/econ/ios
    write-file /Users/birknergard/Library/Developer/Xcode/DerivedData/ios-duzuspzejhgbfqatvazpqzvhjgqr/Build/Intermediates.noindex/ios.build/Debug-iphonesimulator/ios.build/ios-project-headers.hmap

WriteAuxiliaryFile /Users/birknergard/Library/Developer/Xcode/DerivedData/ios-duzuspzejhgbfqatvazpqzvhjgqr/Build/Intermediates.noindex/ios.build/Debug-iphonesimulator/ios.build/ios-own-target-headers.hmap (in target 'ios' from project 'ios')
    cd /Users/birknergard/ws/personal/econ/ios
    write-file /Users/birknergard/Library/Developer/Xcode/DerivedData/ios-duzuspzejhgbfqatvazpqzvhjgqr/Build/Intermediates.noindex/ios.build/Debug-iphonesimulator/ios.build/ios-own-target-headers.hmap

WriteAuxiliaryFile /Users/birknergard/Library/Developer/Xcode/DerivedData/ios-duzuspzejhgbfqatvazpqzvhjgqr/Build/Intermediates.noindex/ios.build/Debug-iphonesimulator/ios.build/ios-generated-files.hmap (in target 'ios' from project 'ios')
    cd /Users/birknergard/ws/personal/econ/ios
    write-file /Users/birknergard/Library/Developer/Xcode/DerivedData/ios-duzuspzejhgbfqatvazpqzvhjgqr/Build/Intermediates.noindex/ios.build/Debug-iphonesimulator/ios.build/ios-generated-files.hmap

WriteAuxiliaryFile /Users/birknergard/Library/Developer/Xcode/DerivedData/ios-duzuspzejhgbfqatvazpqzvhjgqr/Build/Intermediates.noindex/ios.build/Debug-iphonesimulator/ios.build/ios-all-target-headers.hmap (in target 'ios' from project 'ios')
    cd /Users/birknergard/ws/personal/econ/ios
    write-file /Users/birknergard/Library/Developer/Xcode/DerivedData/ios-duzuspzejhgbfqatvazpqzvhjgqr/Build/Intermediates.noindex/ios.build/Debug-iphonesimulator/ios.build/ios-all-target-headers.hmap

WriteAuxiliaryFile /Users/birknergard/Library/Developer/Xcode/DerivedData/ios-duzuspzejhgbfqatvazpqzvhjgqr/Build/Intermediates.noindex/ios.build/Debug-iphonesimulator/ios.build/ios-all-non-framework-target-headers.hmap (in target 'ios' from project 'ios')
    cd /Users/birknergard/ws/personal/econ/ios
    write-file /Users/birknergard/Library/Developer/Xcode/DerivedData/ios-duzuspzejhgbfqatvazpqzvhjgqr/Build/Intermediates.noindex/ios.build/Debug-iphonesimulator/ios.build/ios-all-non-framework-target-headers.hmap

WriteAuxiliaryFile /Users/birknergard/Library/Developer/Xcode/DerivedData/ios-duzuspzejhgbfqatvazpqzvhjgqr/Build/Intermediates.noindex/ios.build/Debug-iphonesimulator/ios.build/ios-DebugDylibPath-normal-arm64.txt (in target 'ios' from project 'ios')
    cd /Users/birknergard/ws/personal/econ/ios
    write-file /Users/birknergard/Library/Developer/Xcode/DerivedData/ios-duzuspzejhgbfqatvazpqzvhjgqr/Build/Intermediates.noindex/ios.build/Debug-iphonesimulator/ios.build/ios-DebugDylibPath-normal-arm64.txt

WriteAuxiliaryFile /Users/birknergard/Library/Developer/Xcode/DerivedData/ios-duzuspzejhgbfqatvazpqzvhjgqr/Build/Intermediates.noindex/ios.build/Debug-iphonesimulator/ios.build/ios-DebugDylibInstallName-normal-arm64.txt (in target 'ios' from project 'ios')
    cd /Users/birknergard/ws/personal/econ/ios
    write-file /Users/birknergard/Library/Developer/Xcode/DerivedData/ios-duzuspzejhgbfqatvazpqzvhjgqr/Build/Intermediates.noindex/ios.build/Debug-iphonesimulator/ios.build/ios-DebugDylibInstallName-normal-arm64.txt

WriteAuxiliaryFile /Users/birknergard/Library/Developer/Xcode/DerivedData/ios-duzuspzejhgbfqatvazpqzvhjgqr/Build/Intermediates.noindex/ios.build/Debug-iphonesimulator/ios.build/empty-ios.plist (in target 'ios' from project 'ios')
    cd /Users/birknergard/ws/personal/econ/ios
    write-file /Users/birknergard/Library/Developer/Xcode/DerivedData/ios-duzuspzejhgbfqatvazpqzvhjgqr/Build/Intermediates.noindex/ios.build/Debug-iphonesimulator/ios.build/empty-ios.plist

WriteAuxiliaryFile /Users/birknergard/Library/Developer/Xcode/DerivedData/ios-duzuspzejhgbfqatvazpqzvhjgqr/Build/Intermediates.noindex/ios.build/Debug-iphonesimulator/ios.build/Objects-normal/arm64/ios_const_extract_protocols.json (in target 'ios' from project 'ios')
    cd /Users/birknergard/ws/personal/econ/ios
    write-file /Users/birknergard/Library/Developer/Xcode/DerivedData/ios-duzuspzejhgbfqatvazpqzvhjgqr/Build/Intermediates.noindex/ios.build/Debug-iphonesimulator/ios.build/Objects-normal/arm64/ios_const_extract_protocols.json

WriteAuxiliaryFile /Users/birknergard/Library/Developer/Xcode/DerivedData/ios-duzuspzejhgbfqatvazpqzvhjgqr/Build/Intermediates.noindex/ios.build/Debug-iphonesimulator/ios.build/Objects-normal/arm64/ios.SwiftConstValuesFileList (in target 'ios' from project 'ios')
    cd /Users/birknergard/ws/personal/econ/ios
    write-file /Users/birknergard/Library/Developer/Xcode/DerivedData/ios-duzuspzejhgbfqatvazpqzvhjgqr/Build/Intermediates.noindex/ios.build/Debug-iphonesimulator/ios.build/Objects-normal/arm64/ios.SwiftConstValuesFileList

WriteAuxiliaryFile /Users/birknergard/Library/Developer/Xcode/DerivedData/ios-duzuspzejhgbfqatvazpqzvhjgqr/Build/Intermediates.noindex/ios.build/Debug-iphonesimulator/ios.build/Objects-normal/arm64/ios.SwiftFileList (in target 'ios' from project 'ios')
    cd /Users/birknergard/ws/personal/econ/ios
    write-file /Users/birknergard/Library/Developer/Xcode/DerivedData/ios-duzuspzejhgbfqatvazpqzvhjgqr/Build/Intermediates.noindex/ios.build/Debug-iphonesimulator/ios.build/Objects-normal/arm64/ios.SwiftFileList

WriteAuxiliaryFile /Users/birknergard/Library/Developer/Xcode/DerivedData/ios-duzuspzejhgbfqatvazpqzvhjgqr/Build/Intermediates.noindex/ios.build/Debug-iphonesimulator/ios.build/Objects-normal/arm64/ios.LinkFileList (in target 'ios' from project 'ios')
    cd /Users/birknergard/ws/personal/econ/ios
    write-file /Users/birknergard/Library/Developer/Xcode/DerivedData/ios-duzuspzejhgbfqatvazpqzvhjgqr/Build/Intermediates.noindex/ios.build/Debug-iphonesimulator/ios.build/Objects-normal/arm64/ios.LinkFileList

WriteAuxiliaryFile /Users/birknergard/Library/Developer/Xcode/DerivedData/ios-duzuspzejhgbfqatvazpqzvhjgqr/Build/Intermediates.noindex/ios.build/Debug-iphonesimulator/ios.build/Objects-normal/arm64/ios-OutputFileMap.json (in target 'ios' from project 'ios')
    cd /Users/birknergard/ws/personal/econ/ios
    write-file /Users/birknergard/Library/Developer/Xcode/DerivedData/ios-duzuspzejhgbfqatvazpqzvhjgqr/Build/Intermediates.noindex/ios.build/Debug-iphonesimulator/ios.build/Objects-normal/arm64/ios-OutputFileMap.json

WriteAuxiliaryFile /Users/birknergard/Library/Developer/Xcode/DerivedData/ios-duzuspzejhgbfqatvazpqzvhjgqr/Build/Intermediates.noindex/ios.build/Debug-iphonesimulator/ios.build/DerivedSources/Entitlements-Simulated.plist (in target 'ios' from project 'ios')
    cd /Users/birknergard/ws/personal/econ/ios
    write-file /Users/birknergard/Library/Developer/Xcode/DerivedData/ios-duzuspzejhgbfqatvazpqzvhjgqr/Build/Intermediates.noindex/ios.build/Debug-iphonesimulator/ios.build/DerivedSources/Entitlements-Simulated.plist

MkDir /Users/birknergard/Library/Developer/Xcode/DerivedData/ios-duzuspzejhgbfqatvazpqzvhjgqr/Build/Products/Debug-iphonesimulator/ios.app (in target 'ios' from project 'ios')
    cd /Users/birknergard/ws/personal/econ/ios
    /bin/mkdir -p /Users/birknergard/Library/Developer/Xcode/DerivedData/ios-duzuspzejhgbfqatvazpqzvhjgqr/Build/Products/Debug-iphonesimulator/ios.app

ProcessProductPackaging "" /Users/birknergard/Library/Developer/Xcode/DerivedData/ios-duzuspzejhgbfqatvazpqzvhjgqr/Build/Intermediates.noindex/ios.build/Debug-iphonesimulator/ios.build/ios.app-Simulated.xcent (in target 'ios' from project 'ios')
    cd /Users/birknergard/ws/personal/econ/ios
    
    Entitlements:
    
    {
    "application-identifier" = "MQY2H2YN9F.econ.ios";
}
    
    builtin-productPackagingUtility -entitlements -format xml -o /Users/birknergard/Library/Developer/Xcode/DerivedData/ios-duzuspzejhgbfqatvazpqzvhjgqr/Build/Intermediates.noindex/ios.build/Debug-iphonesimulator/ios.build/ios.app-Simulated.xcent

ProcessProductPackagingDER /Users/birknergard/Library/Developer/Xcode/DerivedData/ios-duzuspzejhgbfqatvazpqzvhjgqr/Build/Intermediates.noindex/ios.build/Debug-iphonesimulator/ios.build/ios.app-Simulated.xcent /Users/birknergard/Library/Developer/Xcode/DerivedData/ios-duzuspzejhgbfqatvazpqzvhjgqr/Build/Intermediates.noindex/ios.build/Debug-iphonesimulator/ios.build/ios.app-Simulated.xcent.der (in target 'ios' from project 'ios')
    cd /Users/birknergard/ws/personal/econ/ios
    /usr/bin/derq query -f xml -i /Users/birknergard/Library/Developer/Xcode/DerivedData/ios-duzuspzejhgbfqatvazpqzvhjgqr/Build/Intermediates.noindex/ios.build/Debug-iphonesimulator/ios.build/ios.app-Simulated.xcent -o /Users/birknergard/Library/Developer/Xcode/DerivedData/ios-duzuspzejhgbfqatvazpqzvhjgqr/Build/Intermediates.noindex/ios.build/Debug-iphonesimulator/ios.build/ios.app-Simulated.xcent.der --raw

Ld /Users/birknergard/Library/Developer/Xcode/DerivedData/ios-duzuspzejhgbfqatvazpqzvhjgqr/Build/Products/Debug-iphonesimulator/ios.app/__preview.dylib normal (in target 'ios' from project 'ios')
    cd /Users/birknergard/ws/personal/econ/ios
    /Applications/Xcode.app/Contents/Developer/Toolchains/XcodeDefault.xctoolchain/usr/bin/clang -Xlinker -reproducible -target arm64-apple-ios26.0-simulator -dynamiclib -isysroot /Applications/Xcode.app/Contents/Developer/Platforms/iPhoneSimulator.platform/Developer/SDKs/iPhoneSimulator26.0.sdk -O0 -L/Users/birknergard/Library/Developer/Xcode/DerivedData/ios-duzuspzejhgbfqatvazpqzvhjgqr/Build/Products/Debug-iphonesimulator -F/Users/birknergard/Library/Developer/Xcode/DerivedData/ios-duzuspzejhgbfqatvazpqzvhjgqr/Build/Products/Debug-iphonesimulator -install_name @rpath/ios.debug.dylib -dead_strip -rdynamic -Xlinker -no_deduplicate -Xlinker -objc_abi_version -Xlinker 2 -Xlinker -dependency_info -Xlinker /Users/birknergard/Library/Developer/Xcode/DerivedData/ios-duzuspzejhgbfqatvazpqzvhjgqr/Build/Intermediates.noindex/ios.build/Debug-iphonesimulator/ios.build/Objects-normal/arm64/ios_dependency_info.dat -Xlinker -sectcreate -Xlinker __TEXT -Xlinker __entitlements -Xlinker /Users/birknergard/Library/Developer/Xcode/DerivedData/ios-duzuspzejhgbfqatvazpqzvhjgqr/Build/Intermediates.noindex/ios.build/Debug-iphonesimulator/ios.build/ios.app-Simulated.xcent -Xlinker -sectcreate -Xlinker __TEXT -Xlinker __ents_der -Xlinker /Users/birknergard/Library/Developer/Xcode/DerivedData/ios-duzuspzejhgbfqatvazpqzvhjgqr/Build/Intermediates.noindex/ios.build/Debug-iphonesimulator/ios.build/ios.app-Simulated.xcent.der -Xlinker -no_adhoc_codesign -o /Users/birknergard/Library/Developer/Xcode/DerivedData/ios-duzuspzejhgbfqatvazpqzvhjgqr/Build/Products/Debug-iphonesimulator/ios.app/__preview.dylib

MkDir /Users/birknergard/Library/Developer/Xcode/DerivedData/ios-duzuspzejhgbfqatvazpqzvhjgqr/Build/Intermediates.noindex/ios.build/Debug-iphonesimulator/ios.build/assetcatalog_output/unthinned (in target 'ios' from project 'ios')
    cd /Users/birknergard/ws/personal/econ/ios
    /bin/mkdir -p /Users/birknergard/Library/Developer/Xcode/DerivedData/ios-duzuspzejhgbfqatvazpqzvhjgqr/Build/Intermediates.noindex/ios.build/Debug-iphonesimulator/ios.build/assetcatalog_output/unthinned

MkDir /Users/birknergard/Library/Developer/Xcode/DerivedData/ios-duzuspzejhgbfqatvazpqzvhjgqr/Build/Intermediates.noindex/ios.build/Debug-iphonesimulator/ios.build/assetcatalog_output/thinned (in target 'ios' from project 'ios')
    cd /Users/birknergard/ws/personal/econ/ios
    /bin/mkdir -p /Users/birknergard/Library/Developer/Xcode/DerivedData/ios-duzuspzejhgbfqatvazpqzvhjgqr/Build/Intermediates.noindex/ios.build/Debug-iphonesimulator/ios.build/assetcatalog_output/thinned

GenerateAssetSymbols /Users/birknergard/ws/personal/econ/ios/ios/Assets.xcassets (in target 'ios' from project 'ios')
    cd /Users/birknergard/ws/personal/econ/ios
    /Applications/Xcode.app/Contents/Developer/usr/bin/actool /Users/birknergard/ws/personal/econ/ios/ios/Assets.xcassets --compile /Users/birknergard/Library/Developer/Xcode/DerivedData/ios-duzuspzejhgbfqatvazpqzvhjgqr/Build/Products/Debug-iphonesimulator/ios.app --output-format human-readable-text --notices --warnings --export-dependency-info /Users/birknergard/Library/Developer/Xcode/DerivedData/ios-duzuspzejhgbfqatvazpqzvhjgqr/Build/Intermediates.noindex/ios.build/Debug-iphonesimulator/ios.build/assetcatalog_dependencies --output-partial-info-plist /Users/birknergard/Library/Developer/Xcode/DerivedData/ios-duzuspzejhgbfqatvazpqzvhjgqr/Build/Intermediates.noindex/ios.build/Debug-iphonesimulator/ios.build/assetcatalog_generated_info.plist --app-icon AppIcon --accent-color AccentColor --compress-pngs --enable-on-demand-resources YES --development-region en --target-device iphone --target-device ipad --minimum-deployment-target 26.0 --platform iphonesimulator --bundle-identifier econ.ios --generate-swift-asset-symbols /Users/birknergard/Library/Developer/Xcode/DerivedData/ios-duzuspzejhgbfqatvazpqzvhjgqr/Build/Intermediates.noindex/ios.build/Debug-iphonesimulator/ios.build/DerivedSources/GeneratedAssetSymbols.swift --generate-objc-asset-symbols /Users/birknergard/Library/Developer/Xcode/DerivedData/ios-duzuspzejhgbfqatvazpqzvhjgqr/Build/Intermediates.noindex/ios.build/Debug-iphonesimulator/ios.build/DerivedSources/GeneratedAssetSymbols.h --generate-asset-symbol-index /Users/birknergard/Library/Developer/Xcode/DerivedData/ios-duzuspzejhgbfqatvazpqzvhjgqr/Build/Intermediates.noindex/ios.build/Debug-iphonesimulator/ios.build/DerivedSources/GeneratedAssetSymbols-Index.plist
/* com.apple.actool.compilation-results */
/Users/birknergard/Library/Developer/Xcode/DerivedData/ios-duzuspzejhgbfqatvazpqzvhjgqr/Build/Intermediates.noindex/ios.build/Debug-iphonesimulator/ios.build/DerivedSources/GeneratedAssetSymbols-Index.plist
/Users/birknergard/Library/Developer/Xcode/DerivedData/ios-duzuspzejhgbfqatvazpqzvhjgqr/Build/Intermediates.noindex/ios.build/Debug-iphonesimulator/ios.build/DerivedSources/GeneratedAssetSymbols.h
/Users/birknergard/Library/Developer/Xcode/DerivedData/ios-duzuspzejhgbfqatvazpqzvhjgqr/Build/Intermediates.noindex/ios.build/Debug-iphonesimulator/ios.build/DerivedSources/GeneratedAssetSymbols.swift


CompileAssetCatalogVariant thinned /Users/birknergard/Library/Developer/Xcode/DerivedData/ios-duzuspzejhgbfqatvazpqzvhjgqr/Build/Products/Debug-iphonesimulator/ios.app /Users/birknergard/ws/personal/econ/ios/ios/Assets.xcassets (in target 'ios' from project 'ios')
    cd /Users/birknergard/ws/personal/econ/ios
    /Applications/Xcode.app/Contents/Developer/usr/bin/actool /Users/birknergard/ws/personal/econ/ios/ios/Assets.xcassets --compile /Users/birknergard/Library/Developer/Xcode/DerivedData/ios-duzuspzejhgbfqatvazpqzvhjgqr/Build/Intermediates.noindex/ios.build/Debug-iphonesimulator/ios.build/assetcatalog_output/thinned --output-format human-readable-text --notices --warnings --export-dependency-info /Users/birknergard/Library/Developer/Xcode/DerivedData/ios-duzuspzejhgbfqatvazpqzvhjgqr/Build/Intermediates.noindex/ios.build/Debug-iphonesimulator/ios.build/assetcatalog_dependencies_thinned --output-partial-info-plist /Users/birknergard/Library/Developer/Xcode/DerivedData/ios-duzuspzejhgbfqatvazpqzvhjgqr/Build/Intermediates.noindex/ios.build/Debug-iphonesimulator/ios.build/assetcatalog_generated_info.plist_thinned --app-icon AppIcon --accent-color AccentColor --compress-pngs --enable-on-demand-resources YES --filter-for-thinning-device-configuration iPhone18,3 --filter-for-device-os-version 26.0 --development-region en --target-device iphone --target-device ipad --minimum-deployment-target 26.0 --platform iphonesimulator
/* com.apple.actool.compilation-results */
/Users/birknergard/Library/Developer/Xcode/DerivedData/ios-duzuspzejhgbfqatvazpqzvhjgqr/Build/Intermediates.noindex/ios.build/Debug-iphonesimulator/ios.build/assetcatalog_generated_info.plist_thinned


LinkAssetCatalog /Users/birknergard/ws/personal/econ/ios/ios/Assets.xcassets (in target 'ios' from project 'ios')
    cd /Users/birknergard/ws/personal/econ/ios
    builtin-linkAssetCatalog --thinned /Users/birknergard/Library/Developer/Xcode/DerivedData/ios-duzuspzejhgbfqatvazpqzvhjgqr/Build/Intermediates.noindex/ios.build/Debug-iphonesimulator/ios.build/assetcatalog_output/thinned --thinned-dependencies /Users/birknergard/Library/Developer/Xcode/DerivedData/ios-duzuspzejhgbfqatvazpqzvhjgqr/Build/Intermediates.noindex/ios.build/Debug-iphonesimulator/ios.build/assetcatalog_dependencies_thinned --thinned-info-plist-content /Users/birknergard/Library/Developer/Xcode/DerivedData/ios-duzuspzejhgbfqatvazpqzvhjgqr/Build/Intermediates.noindex/ios.build/Debug-iphonesimulator/ios.build/assetcatalog_generated_info.plist_thinned --unthinned /Users/birknergard/Library/Developer/Xcode/DerivedData/ios-duzuspzejhgbfqatvazpqzvhjgqr/Build/Intermediates.noindex/ios.build/Debug-iphonesimulator/ios.build/assetcatalog_output/unthinned --unthinned-dependencies /Users/birknergard/Library/Developer/Xcode/DerivedData/ios-duzuspzejhgbfqatvazpqzvhjgqr/Build/Intermediates.noindex/ios.build/Debug-iphonesimulator/ios.build/assetcatalog_dependencies_unthinned --unthinned-info-plist-content /Users/birknergard/Library/Developer/Xcode/DerivedData/ios-duzuspzejhgbfqatvazpqzvhjgqr/Build/Intermediates.noindex/ios.build/Debug-iphonesimulator/ios.build/assetcatalog_generated_info.plist_unthinned --output /Users/birknergard/Library/Developer/Xcode/DerivedData/ios-duzuspzejhgbfqatvazpqzvhjgqr/Build/Products/Debug-iphonesimulator/ios.app --plist-output /Users/birknergard/Library/Developer/Xcode/DerivedData/ios-duzuspzejhgbfqatvazpqzvhjgqr/Build/Intermediates.noindex/ios.build/Debug-iphonesimulator/ios.build/assetcatalog_generated_info.plist

ProcessInfoPlistFile /Users/birknergard/Library/Developer/Xcode/DerivedData/ios-duzuspzejhgbfqatvazpqzvhjgqr/Build/Products/Debug-iphonesimulator/ios.app/Info.plist /Users/birknergard/Library/Developer/Xcode/DerivedData/ios-duzuspzejhgbfqatvazpqzvhjgqr/Build/Intermediates.noindex/ios.build/Debug-iphonesimulator/ios.build/empty-ios.plist (in target 'ios' from project 'ios')
    cd /Users/birknergard/ws/personal/econ/ios
    builtin-infoPlistUtility /Users/birknergard/Library/Developer/Xcode/DerivedData/ios-duzuspzejhgbfqatvazpqzvhjgqr/Build/Intermediates.noindex/ios.build/Debug-iphonesimulator/ios.build/empty-ios.plist -producttype com.apple.product-type.application -genpkginfo /Users/birknergard/Library/Developer/Xcode/DerivedData/ios-duzuspzejhgbfqatvazpqzvhjgqr/Build/Products/Debug-iphonesimulator/ios.app/PkgInfo -expandbuildsettings -format binary -platform iphonesimulator -additionalcontentfile /Users/birknergard/Library/Developer/Xcode/DerivedData/ios-duzuspzejhgbfqatvazpqzvhjgqr/Build/Intermediates.noindex/ios.build/Debug-iphonesimulator/ios.build/assetcatalog_generated_info.plist -o /Users/birknergard/Library/Developer/Xcode/DerivedData/ios-duzuspzejhgbfqatvazpqzvhjgqr/Build/Products/Debug-iphonesimulator/ios.app/Info.plist

SwiftDriver ios normal arm64 com.apple.xcode.tools.swift.compiler (in target 'ios' from project 'ios')
    cd /Users/birknergard/ws/personal/econ/ios
    builtin-SwiftDriver -- /Applications/Xcode.app/Contents/Developer/Toolchains/XcodeDefault.xctoolchain/usr/bin/swiftc -module-name ios -Onone -enforce-exclusivity\=checked @/Users/birknergard/Library/Developer/Xcode/DerivedData/ios-duzuspzejhgbfqatvazpqzvhjgqr/Build/Intermediates.noindex/ios.build/Debug-iphonesimulator/ios.build/Objects-normal/arm64/ios.SwiftFileList -DDEBUG -default-isolation\=MainActor -enable-bare-slash-regex -enable-upcoming-feature DisableOutwardActorInference -enable-upcoming-feature InferSendableFromCaptures -enable-upcoming-feature GlobalActorIsolatedTypesUsability -enable-upcoming-feature MemberImportVisibility -enable-upcoming-feature InferIsolatedConformances -enable-upcoming-feature NonisolatedNonsendingByDefault -enable-experimental-feature DebugDescriptionMacro -sdk /Applications/Xcode.app/Contents/Developer/Platforms/iPhoneSimulator.platform/Developer/SDKs/iPhoneSimulator26.0.sdk -target arm64-apple-ios26.0-simulator -g -module-cache-path /Users/birknergard/Library/Developer/Xcode/DerivedData/ModuleCache.noindex -Xfrontend -serialize-debugging-options -enable-testing -index-store-path /Users/birknergard/Library/Developer/Xcode/DerivedData/ios-duzuspzejhgbfqatvazpqzvhjgqr/Index.noindex/DataStore -Xcc -D_LIBCPP_HARDENING_MODE\=_LIBCPP_HARDENING_MODE_DEBUG -swift-version 5 -I /Users/birknergard/Library/Developer/Xcode/DerivedData/ios-duzuspzejhgbfqatvazpqzvhjgqr/Build/Products/Debug-iphonesimulator -F /Users/birknergard/Library/Developer/Xcode/DerivedData/ios-duzuspzejhgbfqatvazpqzvhjgqr/Build/Products/Debug-iphonesimulator -emit-localized-strings -emit-localized-strings-path /Users/birknergard/Library/Developer/Xcode/DerivedData/ios-duzuspzejhgbfqatvazpqzvhjgqr/Build/Intermediates.noindex/ios.build/Debug-iphonesimulator/ios.build/Objects-normal/arm64 -c -j8 -enable-batch-mode -incremental -Xcc -ivfsstatcache -Xcc /Users/birknergard/Library/Developer/Xcode/DerivedData/SDKStatCaches.noindex/iphonesimulator26.0-23A339-26257891a6c027eb51374368541b8346.sdkstatcache -output-file-map /Users/birknergard/Library/Developer/Xcode/DerivedData/ios-duzuspzejhgbfqatvazpqzvhjgqr/Build/Intermediates.noindex/ios.build/Debug-iphonesimulator/ios.build/Objects-normal/arm64/ios-OutputFileMap.json -use-frontend-parseable-output -save-temps -no-color-diagnostics -explicit-module-build -module-cache-path /Users/birknergard/Library/Developer/Xcode/DerivedData/ios-duzuspzejhgbfqatvazpqzvhjgqr/Build/Intermediates.noindex/SwiftExplicitPrecompiledModules -clang-scanner-module-cache-path /Users/birknergard/Library/Developer/Xcode/DerivedData/ModuleCache.noindex -sdk-module-cache-path /Users/birknergard/Library/Developer/Xcode/DerivedData/ModuleCache.noindex -serialize-diagnostics -emit-dependencies -emit-module -emit-module-path /Users/birknergard/Library/Developer/Xcode/DerivedData/ios-duzuspzejhgbfqatvazpqzvhjgqr/Build/Intermediates.noindex/ios.build/Debug-iphonesimulator/ios.build/Objects-normal/arm64/ios.swiftmodule -validate-clang-modules-once -clang-build-session-file /Users/birknergard/Library/Developer/Xcode/DerivedData/ModuleCache.noindex/Session.modulevalidation -Xcc -I/Users/birknergard/Library/Developer/Xcode/DerivedData/ios-duzuspzejhgbfqatvazpqzvhjgqr/Build/Intermediates.noindex/ios.build/Debug-iphonesimulator/ios.build/swift-overrides.hmap -emit-const-values -Xfrontend -const-gather-protocols-file -Xfrontend /Users/birknergard/Library/Developer/Xcode/DerivedData/ios-duzuspzejhgbfqatvazpqzvhjgqr/Build/Intermediates.noindex/ios.build/Debug-iphonesimulator/ios.build/Objects-normal/arm64/ios_const_extract_protocols.json -Xcc -iquote -Xcc /Users/birknergard/Library/Developer/Xcode/DerivedData/ios-duzuspzejhgbfqatvazpqzvhjgqr/Build/Intermediates.noindex/ios.build/Debug-iphonesimulator/ios.build/ios-generated-files.hmap -Xcc -I/Users/birknergard/Library/Developer/Xcode/DerivedData/ios-duzuspzejhgbfqatvazpqzvhjgqr/Build/Intermediates.noindex/ios.build/Debug-iphonesimulator/ios.build/ios-own-target-headers.hmap -Xcc -I/Users/birknergard/Library/Developer/Xcode/DerivedData/ios-duzuspzejhgbfqatvazpqzvhjgqr/Build/Intermediates.noindex/ios.build/Debug-iphonesimulator/ios.build/ios-all-target-headers.hmap -Xcc -iquote -Xcc /Users/birknergard/Library/Developer/Xcode/DerivedData/ios-duzuspzejhgbfqatvazpqzvhjgqr/Build/Intermediates.noindex/ios.build/Debug-iphonesimulator/ios.build/ios-project-headers.hmap -Xcc -I/Users/birknergard/Library/Developer/Xcode/DerivedData/ios-duzuspzejhgbfqatvazpqzvhjgqr/Build/Products/Debug-iphonesimulator/include -Xcc -I/Users/birknergard/Library/Developer/Xcode/DerivedData/ios-duzuspzejhgbfqatvazpqzvhjgqr/Build/Intermediates.noindex/ios.build/Debug-iphonesimulator/ios.build/DerivedSources-normal/arm64 -Xcc -I/Users/birknergard/Library/Developer/Xcode/DerivedData/ios-duzuspzejhgbfqatvazpqzvhjgqr/Build/Intermediates.noindex/ios.build/Debug-iphonesimulator/ios.build/DerivedSources/arm64 -Xcc -I/Users/birknergard/Library/Developer/Xcode/DerivedData/ios-duzuspzejhgbfqatvazpqzvhjgqr/Build/Intermediates.noindex/ios.build/Debug-iphonesimulator/ios.build/DerivedSources -Xcc -DDEBUG\=1 -emit-objc-header -emit-objc-header-path /Users/birknergard/Library/Developer/Xcode/DerivedData/ios-duzuspzejhgbfqatvazpqzvhjgqr/Build/Intermediates.noindex/ios.build/Debug-iphonesimulator/ios.build/Objects-normal/arm64/ios-Swift.h -working-directory /Users/birknergard/ws/personal/econ/ios -experimental-emit-module-separately -disable-cmo

SwiftCompile normal arm64 Compiling\ ContentView.swift /Users/birknergard/ws/personal/econ/ios/ios/ContentView.swift (in target 'ios' from project 'ios')

SwiftCompile normal arm64 /Users/birknergard/ws/personal/econ/ios/ios/ContentView.swift (in target 'ios' from project 'ios')
    cd /Users/birknergard/ws/personal/econ/ios
    

SwiftCompile normal arm64 Compiling\ iosApp.swift /Users/birknergard/ws/personal/econ/ios/ios/iosApp.swift (in target 'ios' from project 'ios')

SwiftCompile normal arm64 /Users/birknergard/ws/personal/econ/ios/ios/iosApp.swift (in target 'ios' from project 'ios')
    cd /Users/birknergard/ws/personal/econ/ios
    

SwiftCompile normal arm64 Compiling\ ExpensesByCategory.swift,\ Income.swift /Users/birknergard/ws/personal/econ/ios/ios/Models/ExpensesByCategory.swift /Users/birknergard/ws/personal/econ/ios/ios/Models/Income.swift (in target 'ios' from project 'ios')
SwiftCompile normal arm64 /Users/birknergard/ws/personal/econ/ios/ios/Models/ExpensesByCategory.swift (in target 'ios' from project 'ios')
    cd /Users/birknergard/ws/personal/econ/ios
    

SwiftCompile normal arm64 /Users/birknergard/ws/personal/econ/ios/ios/Models/Income.swift (in target 'ios' from project 'ios')
    cd /Users/birknergard/ws/personal/econ/ios
    

SwiftCompile normal arm64 Compiling\ IncomesView.swift /Users/birknergard/ws/personal/econ/ios/ios/Views/IncomesView.swift (in target 'ios' from project 'ios')

SwiftCompile normal arm64 /Users/birknergard/ws/personal/econ/ios/ios/Views/IncomesView.swift (in target 'ios' from project 'ios')
    cd /Users/birknergard/ws/personal/econ/ios
    

SwiftCompile normal arm64 Compiling\ EconService.swift,\ ExpensesView.swift /Users/birknergard/ws/personal/econ/ios/ios/Services/EconService.swift /Users/birknergard/ws/personal/econ/ios/ios/Views/ExpensesView.swift (in target 'ios' from project 'ios')
Failed frontend command:
/Applications/Xcode.app/Contents/Developer/Toolchains/XcodeDefault.xctoolchain/usr/bin/swift-frontend -frontend -c /Users/birknergard/ws/personal/econ/ios/ios/Components/CategoryTable.swift /Users/birknergard/ws/personal/econ/ios/ios/Models/Expense.swift /Users/birknergard/ws/personal/econ/ios/ios/Models/ExpensesByCategory.swift /Users/birknergard/ws/personal/econ/ios/ios/Models/Income.swift -primary-file /Users/birknergard/ws/personal/econ/ios/ios/Services/EconService.swift -primary-file /Users/birknergard/ws/personal/econ/ios/ios/Views/ExpensesView.swift /Users/birknergard/ws/personal/econ/ios/ios/Views/HomeView.swift /Users/birknergard/ws/personal/econ/ios/ios/Views/IncomesView.swift /Users/birknergard/ws/personal/econ/ios/ios/ContentView.swift /Users/birknergard/ws/personal/econ/ios/ios/iosApp.swift /Users/birknergard/Library/Developer/Xcode/DerivedData/ios-duzuspzejhgbfqatvazpqzvhjgqr/Build/Intermediates.noindex/ios.build/Debug-iphonesimulator/ios.build/DerivedSources/GeneratedAssetSymbols.swift -emit-dependencies-path /Users/birknergard/Library/Developer/Xcode/DerivedData/ios-duzuspzejhgbfqatvazpqzvhjgqr/Build/Intermediates.noindex/ios.build/Debug-iphonesimulator/ios.build/Objects-normal/arm64/EconService-49d3b660db2bdbd7d9eff2c4f7d2ce1f.d -emit-const-values-path /Users/birknergard/Library/Developer/Xcode/DerivedData/ios-duzuspzejhgbfqatvazpqzvhjgqr/Build/Intermediates.noindex/ios.build/Debug-iphonesimulator/ios.build/Objects-normal/arm64/EconService-49d3b660db2bdbd7d9eff2c4f7d2ce1f.swiftconstvalues -emit-reference-dependencies-path /Users/birknergard/Library/Developer/Xcode/DerivedData/ios-duzuspzejhgbfqatvazpqzvhjgqr/Build/Intermediates.noindex/ios.build/Debug-iphonesimulator/ios.build/Objects-normal/arm64/EconService-49d3b660db2bdbd7d9eff2c4f7d2ce1f.swiftdeps -serialize-diagnostics-path /Users/birknergard/Library/Developer/Xcode/DerivedData/ios-duzuspzejhgbfqatvazpqzvhjgqr/Build/Intermediates.noindex/ios.build/Debug-iphonesimulator/ios.build/Objects-normal/arm64/EconService-49d3b660db2bdbd7d9eff2c4f7d2ce1f.dia -emit-dependencies-path /Users/birknergard/Library/Developer/Xcode/DerivedData/ios-duzuspzejhgbfqatvazpqzvhjgqr/Build/Intermediates.noindex/ios.build/Debug-iphonesimulator/ios.build/Objects-normal/arm64/ExpensesView.d -emit-const-values-path /Users/birknergard/Library/Developer/Xcode/DerivedData/ios-duzuspzejhgbfqatvazpqzvhjgqr/Build/Intermediates.noindex/ios.build/Debug-iphonesimulator/ios.build/Objects-normal/arm64/ExpensesView.swiftconstvalues -emit-reference-dependencies-path /Users/birknergard/Library/Developer/Xcode/DerivedData/ios-duzuspzejhgbfqatvazpqzvhjgqr/Build/Intermediates.noindex/ios.build/Debug-iphonesimulator/ios.build/Objects-normal/arm64/ExpensesView.swiftdeps -serialize-diagnostics-path /Users/birknergard/Library/Developer/Xcode/DerivedData/ios-duzuspzejhgbfqatvazpqzvhjgqr/Build/Intermediates.noindex/ios.build/Debug-iphonesimulator/ios.build/Objects-normal/arm64/ExpensesView.dia -emit-localized-strings -emit-localized-strings-path /Users/birknergard/Library/Developer/Xcode/DerivedData/ios-duzuspzejhgbfqatvazpqzvhjgqr/Build/Intermediates.noindex/ios.build/Debug-iphonesimulator/ios.build/Objects-normal/arm64 -target arm64-apple-ios26.0-simulator -module-can-import-version DeveloperToolsSupport 23.0.4 23.0.4 -module-can-import-version SwiftUI 7.0.84.1 7.0.84 -module-can-import-version UIKit 9088.1.113 9088.1.113 -disable-cross-import-overlay-search -swift-module-cross-import SwiftData /Applications/Xcode.app/Contents/Developer/Platforms/iPhoneSimulator.platform/Developer/SDKs/iPhoneSimulator26.0.sdk/System/Library/Frameworks/SwiftData.framework/Modules/SwiftData.swiftcrossimport/CoreData.swiftoverlay -swift-module-cross-import SwiftData /Applications/Xcode.app/Contents/Developer/Platforms/iPhoneSimulator.platform/Developer/SDKs/iPhoneSimulator26.0.sdk/System/Library/Frameworks/SwiftData.framework/Modules/SwiftData.swiftcrossimport/SwiftUI.swiftoverlay -load-resolved-plugin /Applications/Xcode.app/Contents/Developer/Platforms/iPhoneOS.platform/Developer/usr/lib/swift/host/plugins/libFoundationMacros.dylib\#/Applications/Xcode.app/Contents/Developer/Platforms/iPhoneOS.platform/Developer/usr/bin/swift-plugin-server\#FoundationMacros -load-resolved-plugin /Applications/Xcode.app/Contents/Developer/Platforms/iPhoneOS.platform/Developer/usr/lib/swift/host/plugins/libObservationMacros.dylib\#/Applications/Xcode.app/Contents/Developer/Platforms/iPhoneOS.platform/Developer/usr/bin/swift-plugin-server\#ObservationMacros -load-resolved-plugin /Applications/Xcode.app/Contents/Developer/Platforms/iPhoneOS.platform/Developer/usr/lib/swift/host/plugins/libPreviewsMacros.dylib\#/Applications/Xcode.app/Contents/Developer/Platforms/iPhoneOS.platform/Developer/usr/bin/swift-plugin-server\#PreviewsMacros -load-resolved-plugin /Applications/Xcode.app/Contents/Developer/Platforms/iPhoneOS.platform/Developer/usr/lib/swift/host/plugins/libSwiftDataMacros.dylib\#/Applications/Xcode.app/Contents/Developer/Platforms/iPhoneOS.platform/Developer/usr/bin/swift-plugin-server\#SwiftDataMacros -load-resolved-plugin /Applications/Xcode.app/Contents/Developer/Platforms/iPhoneOS.platform/Developer/usr/lib/swift/host/plugins/libSwiftMacros.dylib\#/Applications/Xcode.app/Contents/Developer/Platforms/iPhoneOS.platform/Developer/usr/bin/swift-plugin-server\#SwiftMacros -load-resolved-plugin /Applications/Xcode.app/Contents/Developer/Platforms/iPhoneOS.platform/Developer/usr/lib/swift/host/plugins/libSwiftUIMacros.dylib\#/Applications/Xcode.app/Contents/Developer/Platforms/iPhoneOS.platform/Developer/usr/bin/swift-plugin-server\#SwiftUIMacros -disable-implicit-swift-modules -Xcc -fno-implicit-modules -Xcc -fno-implicit-module-maps -explicit-swift-module-map-file /Users/birknergard/Library/Developer/Xcode/DerivedData/ios-duzuspzejhgbfqatvazpqzvhjgqr/Build/Intermediates.noindex/ios.build/Debug-iphonesimulator/ios.build/Objects-normal/arm64/ios-dependencies-1.json -Xllvm -aarch64-use-tbi -enable-objc-interop -sdk /Applications/Xcode.app/Contents/Developer/Platforms/iPhoneSimulator.platform/Developer/SDKs/iPhoneSimulator26.0.sdk -I /Users/birknergard/Library/Developer/Xcode/DerivedData/ios-duzuspzejhgbfqatvazpqzvhjgqr/Build/Products/Debug-iphonesimulator -F /Users/birknergard/Library/Developer/Xcode/DerivedData/ios-duzuspzejhgbfqatvazpqzvhjgqr/Build/Products/Debug-iphonesimulator -no-color-diagnostics -Xcc -fno-color-diagnostics -enable-testing -g -debug-info-format\=dwarf -dwarf-version\=5 -module-cache-path /Users/birknergard/Library/Developer/Xcode/DerivedData/ios-duzuspzejhgbfqatvazpqzvhjgqr/Build/Intermediates.noindex/SwiftExplicitPrecompiledModules -swift-version 5 -enforce-exclusivity\=checked -Onone -D DEBUG -serialize-debugging-options -const-gather-protocols-file /Users/birknergard/Library/Developer/Xcode/DerivedData/ios-duzuspzejhgbfqatvazpqzvhjgqr/Build/Intermediates.noindex/ios.build/Debug-iphonesimulator/ios.build/Objects-normal/arm64/ios_const_extract_protocols.json -enable-upcoming-feature DisableOutwardActorInference -enable-upcoming-feature InferSendableFromCaptures -enable-upcoming-feature GlobalActorIsolatedTypesUsability -enable-upcoming-feature MemberImportVisibility -enable-upcoming-feature InferIsolatedConformances -enable-upcoming-feature NonisolatedNonsendingByDefault -enable-experimental-feature DebugDescriptionMacro -enable-bare-slash-regex -default-isolation\=MainActor -empty-abi-descriptor -validate-clang-modules-once -clang-build-session-file /Users/birknergard/Library/Developer/Xcode/DerivedData/ModuleCache.noindex/Session.modulevalidation -Xcc -working-directory -Xcc /Users/birknergard/ws/personal/econ/ios -enable-anonymous-context-mangled-names -file-compilation-dir /Users/birknergard/ws/personal/econ/ios -Xcc -D_LIBCPP_HARDENING_MODE\=_LIBCPP_HARDENING_MODE_DEBUG -Xcc -ivfsstatcache -Xcc /Users/birknergard/Library/Developer/Xcode/DerivedData/SDKStatCaches.noindex/iphonesimulator26.0-23A339-26257891a6c027eb51374368541b8346.sdkstatcache -Xcc -I/Users/birknergard/Library/Developer/Xcode/DerivedData/ios-duzuspzejhgbfqatvazpqzvhjgqr/Build/Intermediates.noindex/ios.build/Debug-iphonesimulator/ios.build/swift-overrides.hmap -Xcc -iquote -Xcc /Users/birknergard/Library/Developer/Xcode/DerivedData/ios-duzuspzejhgbfqatvazpqzvhjgqr/Build/Intermediates.noindex/ios.build/Debug-iphonesimulator/ios.build/ios-generated-files.hmap -Xcc -I/Users/birknergard/Library/Developer/Xcode/DerivedData/ios-duzuspzejhgbfqatvazpqzvhjgqr/Build/Intermediates.noindex/ios.build/Debug-iphonesimulator/ios.build/ios-own-target-headers.hmap -Xcc -I/Users/birknergard/Library/Developer/Xcode/DerivedData/ios-duzuspzejhgbfqatvazpqzvhjgqr/Build/Intermediates.noindex/ios.build/Debug-iphonesimulator/ios.build/ios-all-target-headers.hmap -Xcc -iquote -Xcc /Users/birknergard/Library/Developer/Xcode/DerivedData/ios-duzuspzejhgbfqatvazpqzvhjgqr/Build/Intermediates.noindex/ios.build/Debug-iphonesimulator/ios.build/ios-project-headers.hmap -Xcc -I/Users/birknergard/Library/Developer/Xcode/DerivedData/ios-duzuspzejhgbfqatvazpqzvhjgqr/Build/Products/Debug-iphonesimulator/include -Xcc -I/Users/birknergard/Library/Developer/Xcode/DerivedData/ios-duzuspzejhgbfqatvazpqzvhjgqr/Build/Intermediates.noindex/ios.build/Debug-iphonesimulator/ios.build/DerivedSources-normal/arm64 -Xcc -I/Users/birknergard/Library/Developer/Xcode/DerivedData/ios-duzuspzejhgbfqatvazpqzvhjgqr/Build/Intermediates.noindex/ios.build/Debug-iphonesimulator/ios.build/DerivedSources/arm64 -Xcc -I/Users/birknergard/Library/Developer/Xcode/DerivedData/ios-duzuspzejhgbfqatvazpqzvhjgqr/Build/Intermediates.noindex/ios.build/Debug-iphonesimulator/ios.build/DerivedSources -Xcc -DDEBUG\=1 -no-auto-bridging-header-chaining -module-name ios -frontend-parseable-output -disable-clang-spi -target-sdk-version 26.0 -target-sdk-name iphonesimulator26.0 -clang-target arm64-apple-ios26.0-simulator -in-process-plugin-server-path /Applications/Xcode.app/Contents/Developer/Toolchains/XcodeDefault.xctoolchain/usr/lib/swift/host/libSwiftInProcPluginServer.dylib -o /Users/birknergard/Library/Developer/Xcode/DerivedData/ios-duzuspzejhgbfqatvazpqzvhjgqr/Build/Intermediates.noindex/ios.build/Debug-iphonesimulator/ios.build/Objects-normal/arm64/EconService-49d3b660db2bdbd7d9eff2c4f7d2ce1f.o -o /Users/birknergard/Library/Developer/Xcode/DerivedData/ios-duzuspzejhgbfqatvazpqzvhjgqr/Build/Intermediates.noindex/ios.build/Debug-iphonesimulator/ios.build/Objects-normal/arm64/ExpensesView.o -index-unit-output-path /ios.build/Debug-iphonesimulator/ios.build/Objects-normal/arm64/EconService-49d3b660db2bdbd7d9eff2c4f7d2ce1f.o -index-unit-output-path /ios.build/Debug-iphonesimulator/ios.build/Objects-normal/arm64/ExpensesView.o -index-store-path /Users/birknergard/Library/Developer/Xcode/DerivedData/ios-duzuspzejhgbfqatvazpqzvhjgqr/Index.noindex/DataStore -index-system-modules

SwiftCompile normal arm64 /Users/birknergard/ws/personal/econ/ios/ios/Services/EconService.swift (in target 'ios' from project 'ios')
    cd /Users/birknergard/ws/personal/econ/ios
    
/Users/birknergard/ws/personal/econ/ios/ios/Services/EconService.swift:8:5: error: missing return in instance method expected to return '[Expense]'
    }
    ^

SwiftCompile normal arm64 /Users/birknergard/ws/personal/econ/ios/ios/Views/ExpensesView.swift (in target 'ios' from project 'ios')
    cd /Users/birknergard/ws/personal/econ/ios
    

SwiftCompile normal arm64 Compiling\ GeneratedAssetSymbols.swift /Users/birknergard/Library/Developer/Xcode/DerivedData/ios-duzuspzejhgbfqatvazpqzvhjgqr/Build/Intermediates.noindex/ios.build/Debug-iphonesimulator/ios.build/DerivedSources/GeneratedAssetSymbols.swift (in target 'ios' from project 'ios')

SwiftCompile normal arm64 /Users/birknergard/Library/Developer/Xcode/DerivedData/ios-duzuspzejhgbfqatvazpqzvhjgqr/Build/Intermediates.noindex/ios.build/Debug-iphonesimulator/ios.build/DerivedSources/GeneratedAssetSymbols.swift (in target 'ios' from project 'ios')
    cd /Users/birknergard/ws/personal/econ/ios
    

SwiftEmitModule normal arm64 Emitting\ module\ for\ ios (in target 'ios' from project 'ios')

EmitSwiftModule normal arm64 (in target 'ios' from project 'ios')
    cd /Users/birknergard/ws/personal/econ/ios
    

SwiftCompile normal arm64 Compiling\ CategoryTable.swift,\ Expense.swift /Users/birknergard/ws/personal/econ/ios/ios/Components/CategoryTable.swift /Users/birknergard/ws/personal/econ/ios/ios/Models/Expense.swift (in target 'ios' from project 'ios')

SwiftCompile normal arm64 /Users/birknergard/ws/personal/econ/ios/ios/Components/CategoryTable.swift (in target 'ios' from project 'ios')
    cd /Users/birknergard/ws/personal/econ/ios
    

SwiftCompile normal arm64 /Users/birknergard/ws/personal/econ/ios/ios/Models/Expense.swift (in target 'ios' from project 'ios')
    cd /Users/birknergard/ws/personal/econ/ios
    

SwiftCompile normal arm64 Compiling\ HomeView.swift /Users/birknergard/ws/personal/econ/ios/ios/Views/HomeView.swift (in target 'ios' from project 'ios')

SwiftDriverJobDiscovery normal arm64 Compiling IncomesView.swift (in target 'ios' from project 'ios')

warning: Skipping duplicate build file in Compile Sources build phase: /Users/birknergard/ws/personal/econ/ios/ios/Components/CategoryTable.swift (in target 'ios' from project 'ios')
warning: Skipping duplicate build file in Compile Sources build phase: /Users/birknergard/ws/personal/econ/ios/ios/Services/EconService.swift (in target 'ios' from project 'ios')

Result bundle written to path:
	/Users/birknergard/ws/personal/econ/ios/.nvim/xcodebuild/build.xcresult

** BUILD FAILED **


The following build commands failed:
	SwiftCompile normal arm64 Compiling\ EconService.swift,\ ExpensesView.swift /Users/birknergard/ws/personal/econ/ios/ios/Services/EconService.swift /Users/birknergard/ws/personal/econ/ios/ios/Views/ExpensesView.swift (in target 'ios' from project 'ios')
	SwiftCompile normal arm64 /Users/birknergard/ws/personal/econ/ios/ios/Services/EconService.swift (in target 'ios' from project 'ios')
	Building project ios with scheme ios
(3 failures)

